Detecting C compiler ABI info failed to compile with the following output:
Change Dir: /home/ed/winhome/game-loop-opengl-4.3-poc/cmake-build-debug/CMakeFiles/CMakeTmp

Run Build Command:"/usr/bin/make" "cmTC_ecfbd/fast"
/usr/bin/make -f CMakeFiles/cmTC_ecfbd.dir/build.make CMakeFiles/cmTC_ecfbd.dir/build
make[1]: Entering directory '/mnt/c/Users/phaz/game-loop-opengl-4.3-poc/cmake-build-debug/CMakeFiles/CMakeTmp'
Building C object CMakeFiles/cmTC_ecfbd.dir/CMakeCCompilerABI.c.o
/usr/bin/x86_64-w64-mingw32-gcc    -o CMakeFiles/cmTC_ecfbd.dir/CMakeCCompilerABI.c.o   -c /home/ed/winhome/bin/CLion-2017.3.5/bin/cmake/share/cmake-3.9/Modules/CMakeCCompilerABI.c
Linking C executable cmTC_ecfbd
/home/ed/winhome/bin/CLion-2017.3.5/bin/cmake/bin/cmake -E cmake_link_script CMakeFiles/cmTC_ecfbd.dir/link.txt --verbose=1
/usr/bin/x86_64-w64-mingw32-gcc     -v CMakeFiles/cmTC_ecfbd.dir/CMakeCCompilerABI.c.o  -o cmTC_ecfbd 
Using built-in specs.
COLLECT_GCC=/usr/bin/x86_64-w64-mingw32-gcc
COLLECT_LTO_WRAPPER=/usr/lib/gcc/x86_64-w64-mingw32/8.3-win32/lto-wrapper
Target: x86_64-w64-mingw32
Configured with: ../../src/configure --build=x86_64-linux-gnu --prefix=/usr --includedir='/usr/include' --mandir='/usr/share/man' --infodir='/usr/share/info' --sysconfdir=/etc --localstatedir=/var --disable-silent-rules --libdir='/usr/lib/x86_64-linux-gnu' --libexecdir='/usr/lib/x86_64-linux-gnu' --disable-maintainer-mode --disable-dependency-tracking --prefix=/usr --enable-shared --enable-static --disable-multilib --with-system-zlib --libexecdir=/usr/lib --without-included-gettext --libdir=/usr/lib --enable-libstdcxx-time=yes --with-tune=generic --with-headers=/usr/x86_64-w64-mingw32/include --enable-version-specific-runtime-libs --enable-fully-dynamic-string --enable-libgomp --enable-languages=c,c++,fortran,objc,obj-c++,ada --enable-lto --enable-threads=win32 --program-suffix=-win32 --program-prefix=x86_64-w64-mingw32- --target=x86_64-w64-mingw32 --with-as=/usr/bin/x86_64-w64-mingw32-as --with-ld=/usr/bin/x86_64-w64-mingw32-ld --enable-libatomic --enable-libstdcxx-filesystem-ts=yes --enable-dependency-tracking
Thread model: win32
gcc version 8.3-win32 20191201 (GCC) 
COMPILER_PATH=/usr/lib/gcc/x86_64-w64-mingw32/8.3-win32/:/usr/lib/gcc/x86_64-w64-mingw32/8.3-win32/:/usr/lib/gcc/x86_64-w64-mingw32/:/usr/lib/gcc/x86_64-w64-mingw32/8.3-win32/:/usr/lib/gcc/x86_64-w64-mingw32/:/usr/lib/gcc/x86_64-w64-mingw32/8.3-win32/../../../../x86_64-w64-mingw32/bin/
LIBRARY_PATH=/usr/lib/gcc/x86_64-w64-mingw32/8.3-win32/:/usr/lib/gcc/x86_64-w64-mingw32/8.3-win32/../../../../x86_64-w64-mingw32/lib/
COLLECT_GCC_OPTIONS='-v' '-o' 'cmTC_ecfbd.exe' '-mtune=generic' '-march=x86-64'
 /usr/lib/gcc/x86_64-w64-mingw32/8.3-win32/collect2 -plugin /usr/lib/gcc/x86_64-w64-mingw32/8.3-win32/liblto_plugin.so -plugin-opt=/usr/lib/gcc/x86_64-w64-mingw32/8.3-win32/lto-wrapper -plugin-opt=-fresolution=/tmp/cc29yBl3.res -plugin-opt=-pass-through=-lmingw32 -plugin-opt=-pass-through=-lgcc -plugin-opt=-pass-through=-lgcc_eh -plugin-opt=-pass-through=-lmoldname -plugin-opt=-pass-through=-lmingwex -plugin-opt=-pass-through=-lmsvcrt -plugin-opt=-pass-through=-ladvapi32 -plugin-opt=-pass-through=-lshell32 -plugin-opt=-pass-through=-luser32 -plugin-opt=-pass-through=-lkernel32 -plugin-opt=-pass-through=-lmingw32 -plugin-opt=-pass-through=-lgcc -plugin-opt=-pass-through=-lgcc_eh -plugin-opt=-pass-through=-lmoldname -plugin-opt=-pass-through=-lmingwex -plugin-opt=-pass-through=-lmsvcrt -m i386pep -Bdynamic -o cmTC_ecfbd.exe /usr/lib/gcc/x86_64-w64-mingw32/8.3-win32/../../../../x86_64-w64-mingw32/lib/crt2.o /usr/lib/gcc/x86_64-w64-mingw32/8.3-win32/crtbegin.o -L/usr/lib/gcc/x86_64-w64-mingw32/8.3-win32 -L/usr/lib/gcc/x86_64-w64-mingw32/8.3-win32/../../../../x86_64-w64-mingw32/lib CMakeFiles/cmTC_ecfbd.dir/CMakeCCompilerABI.c.o -lmingw32 -lgcc -lgcc_eh -lmoldname -lmingwex -lmsvcrt -ladvapi32 -lshell32 -luser32 -lkernel32 -lmingw32 -lgcc -lgcc_eh -lmoldname -lmingwex -lmsvcrt /usr/lib/gcc/x86_64-w64-mingw32/8.3-win32/crtend.o
COLLECT_GCC_OPTIONS='-v' '-o' 'cmTC_ecfbd.exe' '-mtune=generic' '-march=x86-64'
make[1]: Leaving directory '/mnt/c/Users/phaz/game-loop-opengl-4.3-poc/cmake-build-debug/CMakeFiles/CMakeTmp'

Cannot copy output executable
  ''
to destination specified by COPY_FILE:
  '/home/ed/winhome/game-loop-opengl-4.3-poc/cmake-build-debug/CMakeFiles/3.9.6/CMakeDetermineCompilerABI_C.bin'
Unable to find the executable at any of:
  /home/ed/winhome/game-loop-opengl-4.3-poc/cmake-build-debug/CMakeFiles/CMakeTmp/cmTC_ecfbd
  /home/ed/winhome/game-loop-opengl-4.3-poc/cmake-build-debug/CMakeFiles/CMakeTmp/Debug/cmTC_ecfbd
  /home/ed/winhome/game-loop-opengl-4.3-poc/cmake-build-debug/CMakeFiles/CMakeTmp/Development/cmTC_ecfbd


Detecting C [-std=c11] compiler features failed to compile with the following output:
Change Dir: /home/ed/winhome/game-loop-opengl-4.3-poc/cmake-build-debug/CMakeFiles/CMakeTmp

Run Build Command:"/usr/bin/make" "cmTC_cc573/fast"
/usr/bin/make -f CMakeFiles/cmTC_cc573.dir/build.make CMakeFiles/cmTC_cc573.dir/build
make[1]: Entering directory '/mnt/c/Users/phaz/game-loop-opengl-4.3-poc/cmake-build-debug/CMakeFiles/CMakeTmp'
Building C object CMakeFiles/cmTC_cc573.dir/feature_tests.c.o
/usr/bin/x86_64-w64-mingw32-gcc   -std=c11 -o CMakeFiles/cmTC_cc573.dir/feature_tests.c.o   -c /home/ed/winhome/game-loop-opengl-4.3-poc/cmake-build-debug/CMakeFiles/feature_tests.c
Linking C executable cmTC_cc573
/home/ed/winhome/bin/CLion-2017.3.5/bin/cmake/bin/cmake -E cmake_link_script CMakeFiles/cmTC_cc573.dir/link.txt --verbose=1
/usr/bin/x86_64-w64-mingw32-gcc      CMakeFiles/cmTC_cc573.dir/feature_tests.c.o  -o cmTC_cc573 
make[1]: Leaving directory '/mnt/c/Users/phaz/game-loop-opengl-4.3-poc/cmake-build-debug/CMakeFiles/CMakeTmp'

Cannot copy output executable
  ''
to destination specified by COPY_FILE:
  '/home/ed/winhome/game-loop-opengl-4.3-poc/cmake-build-debug/CMakeFiles/feature_tests.bin'
Unable to find the executable at any of:
  /home/ed/winhome/game-loop-opengl-4.3-poc/cmake-build-debug/CMakeFiles/CMakeTmp/cmTC_cc573
  /home/ed/winhome/game-loop-opengl-4.3-poc/cmake-build-debug/CMakeFiles/CMakeTmp/Debug/cmTC_cc573
  /home/ed/winhome/game-loop-opengl-4.3-poc/cmake-build-debug/CMakeFiles/CMakeTmp/Development/cmTC_cc573


Detecting CXX compiler ABI info failed to compile with the following output:
Change Dir: /home/ed/winhome/game-loop-opengl-4.3-poc/cmake-build-debug/CMakeFiles/CMakeTmp

Run Build Command:"/usr/bin/make" "cmTC_cd178/fast"
/usr/bin/make -f CMakeFiles/cmTC_cd178.dir/build.make CMakeFiles/cmTC_cd178.dir/build
make[1]: Entering directory '/mnt/c/Users/phaz/game-loop-opengl-4.3-poc/cmake-build-debug/CMakeFiles/CMakeTmp'
Building CXX object CMakeFiles/cmTC_cd178.dir/CMakeCXXCompilerABI.cpp.o
/usr/bin/x86_64-w64-mingw32-g++     -o CMakeFiles/cmTC_cd178.dir/CMakeCXXCompilerABI.cpp.o -c /home/ed/winhome/bin/CLion-2017.3.5/bin/cmake/share/cmake-3.9/Modules/CMakeCXXCompilerABI.cpp
Linking CXX executable cmTC_cd178
/home/ed/winhome/bin/CLion-2017.3.5/bin/cmake/bin/cmake -E cmake_link_script CMakeFiles/cmTC_cd178.dir/link.txt --verbose=1
/usr/bin/x86_64-w64-mingw32-g++      -v CMakeFiles/cmTC_cd178.dir/CMakeCXXCompilerABI.cpp.o  -o cmTC_cd178 
Using built-in specs.
COLLECT_GCC=/usr/bin/x86_64-w64-mingw32-g++
COLLECT_LTO_WRAPPER=/usr/lib/gcc/x86_64-w64-mingw32/8.3-win32/lto-wrapper
Target: x86_64-w64-mingw32
Configured with: ../../src/configure --build=x86_64-linux-gnu --prefix=/usr --includedir='/usr/include' --mandir='/usr/share/man' --infodir='/usr/share/info' --sysconfdir=/etc --localstatedir=/var --disable-silent-rules --libdir='/usr/lib/x86_64-linux-gnu' --libexecdir='/usr/lib/x86_64-linux-gnu' --disable-maintainer-mode --disable-dependency-tracking --prefix=/usr --enable-shared --enable-static --disable-multilib --with-system-zlib --libexecdir=/usr/lib --without-included-gettext --libdir=/usr/lib --enable-libstdcxx-time=yes --with-tune=generic --with-headers=/usr/x86_64-w64-mingw32/include --enable-version-specific-runtime-libs --enable-fully-dynamic-string --enable-libgomp --enable-languages=c,c++,fortran,objc,obj-c++,ada --enable-lto --enable-threads=win32 --program-suffix=-win32 --program-prefix=x86_64-w64-mingw32- --target=x86_64-w64-mingw32 --with-as=/usr/bin/x86_64-w64-mingw32-as --with-ld=/usr/bin/x86_64-w64-mingw32-ld --enable-libatomic --enable-libstdcxx-filesystem-ts=yes --enable-dependency-tracking
Thread model: win32
gcc version 8.3-win32 20191201 (GCC) 
COMPILER_PATH=/usr/lib/gcc/x86_64-w64-mingw32/8.3-win32/:/usr/lib/gcc/x86_64-w64-mingw32/8.3-win32/:/usr/lib/gcc/x86_64-w64-mingw32/:/usr/lib/gcc/x86_64-w64-mingw32/8.3-win32/:/usr/lib/gcc/x86_64-w64-mingw32/:/usr/lib/gcc/x86_64-w64-mingw32/8.3-win32/../../../../x86_64-w64-mingw32/bin/
LIBRARY_PATH=/usr/lib/gcc/x86_64-w64-mingw32/8.3-win32/:/usr/lib/gcc/x86_64-w64-mingw32/8.3-win32/../../../../x86_64-w64-mingw32/lib/
COLLECT_GCC_OPTIONS='-v' '-o' 'cmTC_cd178.exe' '-shared-libgcc' '-mtune=generic' '-march=x86-64'
 /usr/lib/gcc/x86_64-w64-mingw32/8.3-win32/collect2 -plugin /usr/lib/gcc/x86_64-w64-mingw32/8.3-win32/liblto_plugin.so -plugin-opt=/usr/lib/gcc/x86_64-w64-mingw32/8.3-win32/lto-wrapper -plugin-opt=-fresolution=/tmp/ccvsm8x6.res -plugin-opt=-pass-through=-lmingw32 -plugin-opt=-pass-through=-lgcc_s -plugin-opt=-pass-through=-lgcc -plugin-opt=-pass-through=-lmoldname -plugin-opt=-pass-through=-lmingwex -plugin-opt=-pass-through=-lmsvcrt -plugin-opt=-pass-through=-ladvapi32 -plugin-opt=-pass-through=-lshell32 -plugin-opt=-pass-through=-luser32 -plugin-opt=-pass-through=-lkernel32 -plugin-opt=-pass-through=-lmingw32 -plugin-opt=-pass-through=-lgcc_s -plugin-opt=-pass-through=-lgcc -plugin-opt=-pass-through=-lmoldname -plugin-opt=-pass-through=-lmingwex -plugin-opt=-pass-through=-lmsvcrt -m i386pep -Bdynamic -o cmTC_cd178.exe /usr/lib/gcc/x86_64-w64-mingw32/8.3-win32/../../../../x86_64-w64-mingw32/lib/crt2.o /usr/lib/gcc/x86_64-w64-mingw32/8.3-win32/crtbegin.o -L/usr/lib/gcc/x86_64-w64-mingw32/8.3-win32 -L/usr/lib/gcc/x86_64-w64-mingw32/8.3-win32/../../../../x86_64-w64-mingw32/lib CMakeFiles/cmTC_cd178.dir/CMakeCXXCompilerABI.cpp.o -lstdc++ -lmingw32 -lgcc_s -lgcc -lmoldname -lmingwex -lmsvcrt -ladvapi32 -lshell32 -luser32 -lkernel32 -lmingw32 -lgcc_s -lgcc -lmoldname -lmingwex -lmsvcrt /usr/lib/gcc/x86_64-w64-mingw32/8.3-win32/crtend.o
COLLECT_GCC_OPTIONS='-v' '-o' 'cmTC_cd178.exe' '-shared-libgcc' '-mtune=generic' '-march=x86-64'
make[1]: Leaving directory '/mnt/c/Users/phaz/game-loop-opengl-4.3-poc/cmake-build-debug/CMakeFiles/CMakeTmp'

Cannot copy output executable
  ''
to destination specified by COPY_FILE:
  '/home/ed/winhome/game-loop-opengl-4.3-poc/cmake-build-debug/CMakeFiles/3.9.6/CMakeDetermineCompilerABI_CXX.bin'
Unable to find the executable at any of:
  /home/ed/winhome/game-loop-opengl-4.3-poc/cmake-build-debug/CMakeFiles/CMakeTmp/cmTC_cd178
  /home/ed/winhome/game-loop-opengl-4.3-poc/cmake-build-debug/CMakeFiles/CMakeTmp/Debug/cmTC_cd178
  /home/ed/winhome/game-loop-opengl-4.3-poc/cmake-build-debug/CMakeFiles/CMakeTmp/Development/cmTC_cd178


Detecting CXX [-std=c++1z] compiler features failed to compile with the following output:
Change Dir: /home/ed/winhome/game-loop-opengl-4.3-poc/cmake-build-debug/CMakeFiles/CMakeTmp

Run Build Command:"/usr/bin/make" "cmTC_46717/fast"
/usr/bin/make -f CMakeFiles/cmTC_46717.dir/build.make CMakeFiles/cmTC_46717.dir/build
make[1]: Entering directory '/mnt/c/Users/phaz/game-loop-opengl-4.3-poc/cmake-build-debug/CMakeFiles/CMakeTmp'
Building CXX object CMakeFiles/cmTC_46717.dir/feature_tests.cxx.o
/usr/bin/x86_64-w64-mingw32-g++    -std=c++1z -o CMakeFiles/cmTC_46717.dir/feature_tests.cxx.o -c /home/ed/winhome/game-loop-opengl-4.3-poc/cmake-build-debug/CMakeFiles/feature_tests.cxx
Linking CXX executable cmTC_46717
/home/ed/winhome/bin/CLion-2017.3.5/bin/cmake/bin/cmake -E cmake_link_script CMakeFiles/cmTC_46717.dir/link.txt --verbose=1
/usr/bin/x86_64-w64-mingw32-g++       CMakeFiles/cmTC_46717.dir/feature_tests.cxx.o  -o cmTC_46717 
make[1]: Leaving directory '/mnt/c/Users/phaz/game-loop-opengl-4.3-poc/cmake-build-debug/CMakeFiles/CMakeTmp'

Cannot copy output executable
  ''
to destination specified by COPY_FILE:
  '/home/ed/winhome/game-loop-opengl-4.3-poc/cmake-build-debug/CMakeFiles/feature_tests.bin'
Unable to find the executable at any of:
  /home/ed/winhome/game-loop-opengl-4.3-poc/cmake-build-debug/CMakeFiles/CMakeTmp/cmTC_46717
  /home/ed/winhome/game-loop-opengl-4.3-poc/cmake-build-debug/CMakeFiles/CMakeTmp/Debug/cmTC_46717
  /home/ed/winhome/game-loop-opengl-4.3-poc/cmake-build-debug/CMakeFiles/CMakeTmp/Development/cmTC_46717


