#
# A fatal error has been detected by the Java Runtime Environment:
#
#  EXCEPTION_ACCESS_VIOLATION (0xc0000005) at pc=0x00000000004127fc, pid=3564, tid=0x00000000000031fc
#
# JRE version: OpenJDK Runtime Environment (8.0_242-b08) (build 1.8.0_242-b08)
# Java VM: OpenJDK 64-Bit Server VM (25.242-b08 mixed mode windows-amd64 compressed oops)
# Problematic frame:
# C  [app.exe+0x127fc]
#
# Failed to write core dump. Minidumps are not enabled by default on client versions of Windows
#
# If you would like to submit a bug report, please visit:
#   
# The crash happened outside the Java Virtual Machine in native code.
# See problematic frame for where to report the bug.
#

---------------  T H R E A D  ---------------

Current thread (0x00000000007a6000):  JavaThread "main" [_thread_in_native, id=12796, stack(0x00000000004a0000,0x00000000006a0000)]

siginfo: ExceptionCode=0xc0000005, writing address 0x0000000000000000

Registers:
RAX=0x0000000000000000, RBX=0x0000000017645b98, RCX=0x00000000ffffffff, RDX=0x0000000000000000
RSP=0x000000000069f620, RBP=0x000000000069f6a0, RSI=0x0000000017645c50, RDI=0x00000000027c0567
R8 =0x00007ff99ebb5940, R9 =0x000000000069d900, R10=0x0000000000000000, R11=0x0000000000000246
R12=0x0000000000000000, R13=0x0000000017645b98, R14=0x000000000069f7d0, R15=0x00000000007a6000
RIP=0x00000000004127fc, EFLAGS=0x0000000000010246

Top of Stack: (sp=0x000000000069f620)
0x000000000069f620:   000000000041cc14 00000000007a61e0
0x000000000069f630:   000000000069f7a0 000000000069f7d0
0x000000000069f640:   bf00000000000000 0000000000000000
0x000000000069f650:   0000000000000000 000000003f400000
0x000000000069f660:   0000000000000000 00000000bf000000
0x000000000069f670:   000000003f400000 3f40000000000000
0x000000000069f680:   00000000bf000000 00000000007a65a0
0x000000000069f690:   00000000000003d8 0000000017645b98
0x000000000069f6a0:   000000000069f6f0 00000000004128c1
0x000000000069f6b0:   0000000000000000 00000000007a61e0
0x000000000069f6c0:   000000000069f7a0 000000000069f7d0
0x000000000069f6d0:   0000000000000000 0000000000000000
0x000000000069f6e0:   000000003f400000 000000003f000000
0x000000000069f6f0:   000000000069f790 00000000027d8a07
0x000000000069f700:   00000000007a61e0 000000000069f7a0
0x000000000069f710:   000000000069f7d0 0000000000000000 

Instructions: (pc=0x00000000004127fc)
0x00000000004127dc:   f0 db 00 00 48 8b 04 02 8b 55 ec 48 63 d2 48 c1
0x00000000004127ec:   e2 02 48 01 c2 8b 45 ec 48 98 f3 0f 10 44 85 a0
0x00000000004127fc:   f3 0f 11 02 83 45 ec 01 eb b3 8b 05 74 db 00 00
0x000000000041280c:   48 63 d0 48 89 d0 48 c1 e0 03 48 01 d0 48 c1 e0 


Register to memory mapping:

RAX=0x0000000000000000 is an unknown value
RBX={method} {0x0000000017645ba0} 'drawSprite' '(Ljava/lang/String;FFFF)V' in 'Game'
RCX=0x00000000ffffffff is an unallocated location in the heap
RDX=0x0000000000000000 is an unknown value
RSP=0x000000000069f620 is pointing into the stack for thread: 0x00000000007a6000
RBP=0x000000000069f6a0 is pointing into the stack for thread: 0x00000000007a6000
RSI={method} {0x0000000017645c58} 'main' '()V' in 'Game'
RDI=0x00000000027c0567 is at begin+0 in a stub
StubRoutines::call_stub [0x00000000027c0567, 0x00000000027c06cb[ (356 bytes)
R8 =0x00007ff99ebb5940 is an unknown value
R9 =0x000000000069d900 is pointing into the stack for thread: 0x00000000007a6000
R10=0x0000000000000000 is an unknown value
R11=0x0000000000000246 is an unknown value
R12=0x0000000000000000 is an unknown value
R13={method} {0x0000000017645ba0} 'drawSprite' '(Ljava/lang/String;FFFF)V' in 'Game'
R14=0x000000000069f7d0 is pointing into the stack for thread: 0x00000000007a6000
R15=0x00000000007a6000 is a thread


Stack: [0x00000000004a0000,0x00000000006a0000],  sp=0x000000000069f620,  free space=2045k
Native frames: (J=compiled Java code, j=interpreted, Vv=VM code, C=native code)
C  [app.exe+0x127fc]
C  [app.exe+0x128c1]
C  0x00000000027d8a07

Java frames: (J=compiled Java code, j=interpreted, Vv=VM code)
j  Game.drawSprite(Ljava/lang/String;FFFF)V+0
j  Game.main()V+14
v  ~StubRoutines::call_stub

---------------  P R O C E S S  ---------------

Java Threads: ( => current thread )
  0x000000001ac66000 JavaThread "Service Thread" daemon [_thread_blocked, id=5388, stack(0x000000001b210000,0x000000001b410000)]
  0x000000001ac11000 JavaThread "C1 CompilerThread3" daemon [_thread_blocked, id=20672, stack(0x000000001b010000,0x000000001b210000)]
  0x0000000017e52000 JavaThread "C2 CompilerThread2" daemon [_thread_blocked, id=21440, stack(0x000000001aa10000,0x000000001ac10000)]
  0x0000000017e4b000 JavaThread "C2 CompilerThread1" daemon [_thread_blocked, id=4356, stack(0x000000001a810000,0x000000001aa10000)]
  0x0000000017dfc000 JavaThread "C2 CompilerThread0" daemon [_thread_blocked, id=19160, stack(0x000000001a610000,0x000000001a810000)]
  0x0000000017dfa800 JavaThread "Attach Listener" daemon [_thread_blocked, id=1164, stack(0x000000001a410000,0x000000001a610000)]
  0x0000000017df8800 JavaThread "Signal Dispatcher" daemon [_thread_blocked, id=22224, stack(0x000000001a210000,0x000000001a410000)]
  0x0000000017dcd800 JavaThread "Finalizer" daemon [_thread_blocked, id=18280, stack(0x0000000019f10000,0x000000001a110000)]
  0x0000000017dc5800 JavaThread "Reference Handler" daemon [_thread_blocked, id=8580, stack(0x0000000019d10000,0x0000000019f10000)]
=>0x00000000007a6000 JavaThread "main" [_thread_in_native, id=12796, stack(0x00000000004a0000,0x00000000006a0000)]

Other Threads:
  0x0000000017d9d800 VMThread [stack: 0x0000000019b10000,0x0000000019d10000] [id=14528]
  0x000000001ac67800 WatcherThread [stack: 0x000000001b410000,0x000000001b610000] [id=4224]

VM state:not at safepoint (normal execution)

VM Mutex/Monitor currently owned by a thread: None

heap address: 0x0000000083400000, size: 1996 MB, Compressed Oops mode: 32-bit
Narrow klass base: 0x0000000000000000, Narrow klass shift: 3
Compressed class space size: 1073741824 Address: 0x0000000100000000

Heap:
 PSYoungGen      total 37888K, used 655K [0x00000000d6700000, 0x00000000d9100000, 0x0000000100000000)
  eden space 32768K, 2% used [0x00000000d6700000,0x00000000d67a3d80,0x00000000d8700000)
  from space 5120K, 0% used [0x00000000d8c00000,0x00000000d8c00000,0x00000000d9100000)
  to   space 5120K, 0% used [0x00000000d8700000,0x00000000d8700000,0x00000000d8c00000)
 ParOldGen       total 86016K, used 0K [0x0000000083400000, 0x0000000088800000, 0x00000000d6700000)
  object space 86016K, 0% used [0x0000000083400000,0x0000000083400000,0x0000000088800000)
 Metaspace       used 2174K, capacity 4480K, committed 4480K, reserved 1056768K
  class space    used 231K, capacity 384K, committed 384K, reserved 1048576K

Card table byte_map: [0x0000000011b80000,0x0000000011f70000] byte_map_base: 0x0000000011766000

Marking Bits: (ParMarkBitMap*) 0x0000000055b48030
 Begin Bits: [0x0000000013210000, 0x0000000015140000)
 End Bits:   [0x0000000015140000, 0x0000000017070000)

Polling page: 0x00000000001d0000

CodeCache: size=245760Kb used=1062Kb max_used=1073Kb free=244697Kb
 bounds [0x00000000027c0000, 0x0000000002a30000, 0x00000000117c0000]
 total_blobs=224 nmethods=1 adapters=138
 compilation: enabled

Compilation events (2 events):
Event: 0.049 Thread 0x000000001ac11000    1       3       java.lang.String::hashCode (55 bytes)
Event: 0.049 Thread 0x000000001ac11000 nmethod 1 0x00000000028c1550 code [0x00000000028c16c0, 0x00000000028c1950]

GC Heap History (0 events):
No events

Deoptimization events (0 events):
No events

Classes redefined (0 events):
No events

Internal exceptions (2 events):
Event: 0.025 Thread 0x00000000007a6000 Exception <a 'java/lang/NoSuchMethodError': Method sun.misc.Unsafe.defineClass(Ljava/lang/String;[BII)Ljava/lang/Class; name or signature does not match> (0x00000000d6707cc8) thrown at [C:\cygwin64\tmp\openjdk-jdk8u-windows-x64-hotspot\workspace\build\src
Event: 0.025 Thread 0x00000000007a6000 Exception <a 'java/lang/NoSuchMethodError': Method sun.misc.Unsafe.prefetchRead(Ljava/lang/Object;J)V name or signature does not match> (0x00000000d6707fb0) thrown at [C:\cygwin64\tmp\openjdk-jdk8u-windows-x64-hotspot\workspace\build\src\hotspot\src\share

Events (10 events):
Event: 0.049 loading class java/lang/ClassValue$Version done
Event: 0.049 loading class java/lang/invoke/MemberName$Factory
Event: 0.049 loading class java/lang/invoke/MemberName$Factory done
Event: 0.049 loading class java/lang/invoke/MethodHandleStatics
Event: 0.049 loading class java/lang/invoke/MethodHandleStatics done
Event: 0.049 loading class java/lang/invoke/MethodHandleStatics$1
Event: 0.049 loading class java/lang/invoke/MethodHandleStatics$1 done
Event: 0.049 Thread 0x000000001ac66000 Thread added: 0x000000001ac66000
Event: 0.049 loading class sun/misc/PostVMInitHook
Event: 0.049 loading class sun/misc/PostVMInitHook done


Dynamic libraries:
0x0000000000400000 - 0x000000000049f000 	C:\Users\phaz\game-loop-opengl-4.3-poc\app.exe
0x00007ff9a09a0000 - 0x00007ff9a0b90000 	C:\WINDOWS\SYSTEM32\ntdll.dll
0x00007ff9a04e0000 - 0x00007ff9a0592000 	C:\WINDOWS\System32\KERNEL32.DLL
0x00007ff99df00000 - 0x00007ff99e1a3000 	C:\WINDOWS\System32\KERNELBASE.dll
0x00007ff99ebc0000 - 0x00007ff99ebe6000 	C:\WINDOWS\System32\GDI32.dll
0x00007ff99dd30000 - 0x00007ff99dd51000 	C:\WINDOWS\System32\win32u.dll
0x00007ff99d930000 - 0x00007ff99dac4000 	C:\WINDOWS\System32\gdi32full.dll
0x00007ff99e1b0000 - 0x00007ff99e24e000 	C:\WINDOWS\System32\msvcp_win.dll
0x00007ff99db00000 - 0x00007ff99dbfa000 	C:\WINDOWS\System32\ucrtbase.dll
0x00007ff99fb10000 - 0x00007ff99fca4000 	C:\WINDOWS\System32\USER32.dll
0x00007ff99eb20000 - 0x00007ff99ebbe000 	C:\WINDOWS\System32\msvcrt.dll
0x00007ff9708c0000 - 0x00007ff970a16000 	C:\WINDOWS\SYSTEM32\OPENGL32.dll
0x00007ff99fe80000 - 0x00007ff99ff23000 	C:\WINDOWS\System32\ADVAPI32.dll
0x00007ff9a01b0000 - 0x00007ff9a0247000 	C:\WINDOWS\System32\sechost.dll
0x00007ff99f2f0000 - 0x00007ff99f410000 	C:\WINDOWS\System32\RPCRT4.dll
0x00007ff9a0620000 - 0x00007ff9a0956000 	C:\WINDOWS\System32\combase.dll
0x00007ff99e250000 - 0x00007ff99e2d0000 	C:\WINDOWS\System32\bcryptPrimitives.dll
0x00007ff971e80000 - 0x00007ff971eac000 	C:\WINDOWS\SYSTEM32\GLU32.dll
0x00007ff99c4e0000 - 0x00007ff99c500000 	C:\WINDOWS\SYSTEM32\dxcore.dll
0x00007ff99deb0000 - 0x00007ff99defa000 	C:\WINDOWS\System32\cfgmgr32.dll
0x00007ff99fae0000 - 0x00007ff99fb0e000 	C:\WINDOWS\System32\IMM32.DLL
0x00000000553c0000 - 0x0000000055bc1000 	C:\Users\phaz\game-loop-opengl-4.3-poc\OpenJDK8U-jre_x64_windows_hotspot_8u242b08\jdk8u242-b08-jre\bin\server\jvm.dll
0x00007ff99ebf0000 - 0x00007ff99ebf8000 	C:\WINDOWS\System32\PSAPI.DLL
0x00007ff997830000 - 0x00007ff99783a000 	C:\WINDOWS\SYSTEM32\VERSION.dll
0x00007ff96d4b0000 - 0x00007ff96d4b9000 	C:\WINDOWS\SYSTEM32\WSOCK32.dll
0x00007ff988ac0000 - 0x00007ff988ae4000 	C:\WINDOWS\SYSTEM32\WINMM.dll
0x00007ff99fe10000 - 0x00007ff99fe7f000 	C:\WINDOWS\System32\WS2_32.dll
0x00007ff949590000 - 0x00007ff94967f000 	C:\WINDOWS\SYSTEM32\MSVCR120.dll
0x00007ff988a90000 - 0x00007ff988abd000 	C:\WINDOWS\SYSTEM32\winmmbase.dll
0x00007ff997ab0000 - 0x00007ff997abf000 	C:\Users\phaz\game-loop-opengl-4.3-poc\OpenJDK8U-jre_x64_windows_hotspot_8u242b08\jdk8u242-b08-jre\bin\verify.dll
0x00007ff973180000 - 0x00007ff9731a8000 	C:\Users\phaz\game-loop-opengl-4.3-poc\OpenJDK8U-jre_x64_windows_hotspot_8u242b08\jdk8u242-b08-jre\bin\java.dll
0x00007ff977f10000 - 0x00007ff977f26000 	C:\Users\phaz\game-loop-opengl-4.3-poc\OpenJDK8U-jre_x64_windows_hotspot_8u242b08\jdk8u242-b08-jre\bin\zip.dll
0x00007ff99ec00000 - 0x00007ff99f2e5000 	C:\WINDOWS\System32\SHELL32.dll
0x00007ff99f880000 - 0x00007ff99f929000 	C:\WINDOWS\System32\shcore.dll
0x00007ff99e2d0000 - 0x00007ff99ea4f000 	C:\WINDOWS\System32\windows.storage.dll
0x00007ff99d910000 - 0x00007ff99d92f000 	C:\WINDOWS\System32\profapi.dll
0x00007ff99d8a0000 - 0x00007ff99d8ea000 	C:\WINDOWS\System32\powrprof.dll
0x00007ff99d870000 - 0x00007ff99d880000 	C:\WINDOWS\System32\UMPDC.dll
0x00007ff99ff30000 - 0x00007ff99ff82000 	C:\WINDOWS\System32\shlwapi.dll
0x00007ff99d880000 - 0x00007ff99d891000 	C:\WINDOWS\System32\kernel.appcore.dll
0x00007ff99dd10000 - 0x00007ff99dd27000 	C:\WINDOWS\System32\cryptsp.dll
0x00007ff99b840000 - 0x00007ff99b8d9000 	C:\WINDOWS\system32\uxtheme.dll
0x00007ff99fff0000 - 0x00007ff9a0125000 	C:\WINDOWS\System32\MSCTF.dll
0x00007ff99fcb0000 - 0x00007ff99fd74000 	C:\WINDOWS\System32\OLEAUT32.dll
0x00007ff92ae00000 - 0x00007ff92bd65000 	C:\WINDOWS\System32\DriverStore\FileRepository\iigd_dch.inf_amd64_c002fecfdc9bbd33\ig9icd64.dll
0x00007ff9a0380000 - 0x00007ff9a04d6000 	C:\WINDOWS\System32\OLE32.DLL
0x00007ff99bc60000 - 0x00007ff99bc8d000 	C:\WINDOWS\SYSTEM32\dwmapi.dll
0x00007ff99c570000 - 0x00007ff99c65b000 	C:\WINDOWS\system32\dxgi.dll
0x00007ff985cc0000 - 0x00007ff985e13000 	C:\WINDOWS\System32\DriverStore\FileRepository\iigd_dch.inf_amd64_c002fecfdc9bbd33\igdgmm64.dll
0x00007ff9838b0000 - 0x00007ff985c2f000 	C:\WINDOWS\System32\DriverStore\FileRepository\iigd_dch.inf_amd64_c002fecfdc9bbd33\igc64.dll
0x00007ff980790000 - 0x00007ff98082e000 	C:\WINDOWS\System32\TextInputFramework.dll
0x00007ff988230000 - 0x00007ff98855a000 	C:\WINDOWS\System32\CoreUIComponents.dll
0x00007ff99b4e0000 - 0x00007ff99b5b4000 	C:\WINDOWS\System32\CoreMessaging.dll
0x00007ff99c8d0000 - 0x00007ff99c901000 	C:\WINDOWS\SYSTEM32\ntmarta.dll
0x00007ff9990b0000 - 0x00007ff999203000 	C:\WINDOWS\SYSTEM32\wintypes.dll
0x00007ff98c870000 - 0x00007ff98cb16000 	C:\WINDOWS\System32\iertutil.dll
0x00007ff9832b0000 - 0x00007ff983315000 	C:\WINDOWS\system32\Oleacc.dll
0x00007ff99c1a0000 - 0x00007ff99c394000 	C:\WINDOWS\SYSTEM32\dbghelp.dll

VM Arguments:
java_command: <unknown>
java_class_path (initial): <not set>
Launcher Type: generic

Environment Variables:
PATH=C:\Program Files\WindowsApps\WhitewaterFoundryLtd.Co.16571368D6CFF_1.4.1.0_x64__kd1vv0z0vy70w;C:\Program Files (x86)\Common Files\Oracle\Java\javapath;C:\WINDOWS\system32;C:\WINDOWS;C:\WINDOWS\System32\Wbem;C:\WINDOWS\System32\WindowsPowerShell\v1.0\;C:\WINDOWS\System32\OpenSSH\;C:\Program Files\Git\cmd;C:\Program Files (x86)\sbt\bin;C:\Program Files\PuTTY\;C:\Program Files\dotnet\;C:\Users\phaz\AppData\Local\Microsoft\WindowsApps;C:\iverilog\bin;C:\iverilog\gtkwave\bin;C:\Users\phaz\AppData\Local\Programs\radare2\bin
USERNAME=phaz
OS=Windows_NT
PROCESSOR_IDENTIFIER=Intel64 Family 6 Model 142 Stepping 12, GenuineIntel



---------------  S Y S T E M  ---------------

OS: Windows 10.0 , 64 bit Build 18362 (10.0.18362.329)

CPU:total 8 (initial active 8) (4 cores per cpu, 2 threads per core) family 6 model 142 stepping 12, cmov, cx8, fxsr, mmx, sse, sse2, sse3, ssse3, sse4.1, sse4.2, popcnt, avx, avx2, aes, clmul, erms, 3dnowpref, lzcnt, ht, tsc, tscinvbit, bmi1, bmi2, adx

Memory: 4k page, physical 8173284k(1309404k free), swap 17086180k(6250636k free)

vm_info: OpenJDK 64-Bit Server VM (25.242-b08) for windows-amd64 JRE (1.8.0_242-b08), built on Jan 19 2020 14:45:52 by "jenkins" with MS VC++ 12.0 (VS2013)

time: Fri Feb 14 01:24:56 2020
timezone: Pacific Standard Time
elapsed time: 0 seconds (0d 0h 0m 0s)

