#
# A fatal error has been detected by the Java Runtime Environment:
#
#  EXCEPTION_ACCESS_VIOLATION (0xc0000005) at pc=0x000000005683700e, pid=15032, tid=0x0000000000000a54
#
# JRE version: OpenJDK Runtime Environment (8.0_242-b08) (build 1.8.0_242-b08)
# Java VM: OpenJDK 64-Bit Server VM (25.242-b08 mixed mode windows-amd64 compressed oops)
# Problematic frame:
# V  [jvm.dll+0x12700e]
#
# Failed to write core dump. Minidumps are not enabled by default on client versions of Windows
#
# If you would like to submit a bug report, please visit:
#   
#

---------------  T H R E A D  ---------------

Current thread (0x0000000000110000):  JavaThread "main" [_thread_in_vm, id=2644, stack(0x0000000000690000,0x0000000000890000)]

siginfo: ExceptionCode=0xc0000005, reading address 0x0000000000000000

Registers:
RAX=0x0000000000000000, RBX=0x0000000000110000, RCX=0x0000000000000000, RDX=0x0000000000000000
RSP=0x000000000088f5f0, RBP=0x000000000088f660, RSI=0x00000000001101e0, RDI=0x0000000000000000
R8 =0x00007fff414b5940, R9 =0x000000000088d950, R10=0x0000000000000000, R11=0x0000000000000246
R12=0x0000000000000000, R13=0x0000000017665590, R14=0x000000000088f7b8, R15=0x0000000000110000
RIP=0x000000005683700e, EFLAGS=0x0000000000010246

Top of Stack: (sp=0x000000000088f5f0)
0x000000000088f5f0:   000000000088f678 0000000000135000
0x000000000088f600:   000000000088f678 000000005682c875
0x000000000088f610:   0000000000110000 0000000000000000
0x000000000088f620:   000000002aca0040 00000f00000005a0
0x000000000088f630:   00000000027e0567 0000000000420e28
0x000000000088f640:   0000000017665590 000000000088f660
0x000000000088f650:   00000000176657d0 0000000017665590
0x000000000088f660:   000000000088f6c0 0000000000417fa0
0x000000000088f670:   00000000001101e0 0000000000000000
0x000000000088f680:   0000000000000005 0000000000000005
0x000000000088f690:   000000000088fa20 0000000000110800
0x000000000088f6a0:   00000000000003d8 000000001b3046b0
0x000000000088f6b0:   000000001af556e0 000000055679d5ce
0x000000000088f6c0:   000000000088f700 000000000041802b
0x000000000088f6d0:   0000000000000000 00000000001101e0
0x000000000088f6e0:   000000000088f798 000000000088f7b8 

Instructions: (pc=0x000000005683700e)
0x0000000056836fee:   00 00 00 00 74 0a 48 8d 4c 24 20 e8 52 2d 11 00
0x0000000056836ffe:   40 f6 c7 01 74 0a 48 8b cf e8 94 22 0b 00 eb 03
0x000000005683700e:   48 8b 07 80 3d c9 70 65 00 00 74 15 8b 50 08 8b
0x000000005683701e:   0d f5 35 5f 00 48 d3 e2 48 03 15 e3 35 5f 00 eb 


Register to memory mapping:

RAX=0x0000000000000000 is an unknown value
RBX=0x0000000000110000 is a thread
RCX=0x0000000000000000 is an unknown value
RDX=0x0000000000000000 is an unknown value
RSP=0x000000000088f5f0 is pointing into the stack for thread: 0x0000000000110000
RBP=0x000000000088f660 is pointing into the stack for thread: 0x0000000000110000
RSI=0x00000000001101e0 is an unknown value
RDI=0x0000000000000000 is an unknown value
R8 =0x00007fff414b5940 is an unknown value
R9 =0x000000000088d950 is pointing into the stack for thread: 0x0000000000110000
R10=0x0000000000000000 is an unknown value
R11=0x0000000000000246 is an unknown value
R12=0x0000000000000000 is an unknown value
R13={method} {0x0000000017665598} 'loadSpriteFiles' '([Ljava/lang/String;[Ljava/lang/String;LLoadSpriteFilesCallbackFunc;)V' in 'Game'
R14=0x000000000088f7b8 is pointing into the stack for thread: 0x0000000000110000
R15=0x0000000000110000 is a thread


Stack: [0x0000000000690000,0x0000000000890000],  sp=0x000000000088f5f0,  free space=2045k
Native frames: (J=compiled Java code, j=interpreted, Vv=VM code, C=native code)
V  [jvm.dll+0x12700e]
C  [game_loop_opengl_4_3_poc.exe+0x20e28]
C  [game_loop_opengl_4_3_poc.exe+0x17fa0]
C  [game_loop_opengl_4_3_poc.exe+0x1802b]
C  0x00000000027f8a07

Java frames: (J=compiled Java code, j=interpreted, Vv=VM code)
j  Game.loadSpriteFiles([Ljava/lang/String;[Ljava/lang/String;LLoadSpriteFilesCallbackFunc;)V+0
j  Game.main()V+73
v  ~StubRoutines::call_stub

---------------  P R O C E S S  ---------------

Java Threads: ( => current thread )
  0x0000000017f7b800 JavaThread "Service Thread" daemon [_thread_blocked, id=2312, stack(0x000000001b330000,0x000000001b530000)]
  0x0000000017f2a000 JavaThread "C1 CompilerThread3" daemon [_thread_blocked, id=18364, stack(0x000000001ad30000,0x000000001af30000)]
  0x0000000017f23800 JavaThread "C2 CompilerThread2" daemon [_thread_blocked, id=6612, stack(0x000000001ab30000,0x000000001ad30000)]
  0x0000000017f1d800 JavaThread "C2 CompilerThread1" daemon [_thread_blocked, id=8120, stack(0x000000001a930000,0x000000001ab30000)]
  0x0000000017f1a800 JavaThread "C2 CompilerThread0" daemon [_thread_blocked, id=17872, stack(0x000000001a730000,0x000000001a930000)]
  0x0000000017f0e000 JavaThread "Attach Listener" daemon [_thread_blocked, id=7248, stack(0x000000001a530000,0x000000001a730000)]
  0x0000000017f07000 JavaThread "Signal Dispatcher" daemon [_thread_blocked, id=11876, stack(0x000000001a330000,0x000000001a530000)]
  0x0000000017ecc000 JavaThread "Finalizer" daemon [_thread_blocked, id=8180, stack(0x000000001a030000,0x000000001a230000)]
  0x0000000017ebd800 JavaThread "Reference Handler" daemon [_thread_blocked, id=3176, stack(0x0000000019e30000,0x000000001a030000)]
=>0x0000000000110000 JavaThread "main" [_thread_in_vm, id=2644, stack(0x0000000000690000,0x0000000000890000)]

Other Threads:
  0x0000000017eaf800 VMThread [stack: 0x0000000019c30000,0x0000000019e30000] [id=2492]
  0x000000001af55800 WatcherThread [stack: 0x000000001b530000,0x000000001b730000] [id=17176]

VM state:not at safepoint (normal execution)

VM Mutex/Monitor currently owned by a thread: None

heap address: 0x0000000083400000, size: 1996 MB, Compressed Oops mode: 32-bit
Narrow klass base: 0x0000000000000000, Narrow klass shift: 3
Compressed class space size: 1073741824 Address: 0x0000000100000000

Heap:
 PSYoungGen      total 37888K, used 655K [0x00000000d6700000, 0x00000000d9100000, 0x0000000100000000)
  eden space 32768K, 2% used [0x00000000d6700000,0x00000000d67a3d80,0x00000000d8700000)
  from space 5120K, 0% used [0x00000000d8c00000,0x00000000d8c00000,0x00000000d9100000)
  to   space 5120K, 0% used [0x00000000d8700000,0x00000000d8700000,0x00000000d8c00000)
 ParOldGen       total 86016K, used 0K [0x0000000083400000, 0x0000000088800000, 0x00000000d6700000)
  object space 86016K, 0% used [0x0000000083400000,0x0000000083400000,0x0000000088800000)
 Metaspace       used 2172K, capacity 4480K, committed 4480K, reserved 1056768K
  class space    used 230K, capacity 384K, committed 384K, reserved 1048576K

Card table byte_map: [0x0000000011ba0000,0x0000000011f90000] byte_map_base: 0x0000000011786000

Marking Bits: (ParMarkBitMap*) 0x0000000056e98030
 Begin Bits: [0x0000000013230000, 0x0000000015160000)
 End Bits:   [0x0000000015160000, 0x0000000017090000)

Polling page: 0x0000000000080000

CodeCache: size=245760Kb used=1063Kb max_used=1074Kb free=244696Kb
 bounds [0x00000000027e0000, 0x0000000002a50000, 0x00000000117e0000]
 total_blobs=225 nmethods=2 adapters=138
 compilation: enabled

Compilation events (4 events):
Event: 3.685 Thread 0x0000000017f2a000    1       3       java.lang.String::length (6 bytes)
Event: 3.688 Thread 0x0000000017f2a000 nmethod 1 0x00000000028e85d0 code [0x00000000028e8720, 0x00000000028e8870]
Event: 3.689 Thread 0x0000000017f2a000    2       3       java.lang.String::hashCode (55 bytes)
Event: 3.689 Thread 0x0000000017f2a000 nmethod 2 0x00000000028e8910 code [0x00000000028e8a80, 0x00000000028e8d10]

GC Heap History (0 events):
No events

Deoptimization events (0 events):
No events

Classes redefined (0 events):
No events

Internal exceptions (3 events):
Event: 3.404 Thread 0x0000000000110000 Exception <a 'java/lang/NoSuchMethodError': Method sun.misc.Unsafe.defineClass(Ljava/lang/String;[BII)Ljava/lang/Class; name or signature does not match> (0x00000000d6707cc8) thrown at [C:\cygwin64\tmp\openjdk-jdk8u-windows-x64-hotspot\workspace\build\src
Event: 3.405 Thread 0x0000000000110000 Exception <a 'java/lang/NoSuchMethodError': Method sun.misc.Unsafe.prefetchRead(Ljava/lang/Object;J)V name or signature does not match> (0x00000000d6707fb0) thrown at [C:\cygwin64\tmp\openjdk-jdk8u-windows-x64-hotspot\workspace\build\src\hotspot\src\share
Event: 3.689 Thread 0x0000000000110000 Exception <a 'java/lang/NoSuchMethodError': Method Game.sayHello()V not found> (0x00000000d675bb20) thrown at [C:\cygwin64\tmp\openjdk-jdk8u-windows-x64-hotspot\workspace\build\src\hotspot\src\share\vm\prims\jni.cpp, line 4080]

Events (10 events):
Event: 3.686 loading class java/lang/invoke/MemberName$Factory done
Event: 3.687 loading class java/lang/invoke/MethodHandleStatics
Event: 3.687 loading class java/lang/invoke/MethodHandleStatics done
Event: 3.687 loading class java/lang/invoke/MethodHandleStatics$1
Event: 3.687 loading class java/lang/invoke/MethodHandleStatics$1 done
Event: 3.688 Thread 0x0000000017f7b800 Thread added: 0x0000000017f7b800
Event: 3.688 loading class sun/misc/PostVMInitHook
Event: 3.688 loading class sun/misc/PostVMInitHook done
Event: 7.740 Executing VM operation: EnableBiasedLocking
Event: 7.740 Executing VM operation: EnableBiasedLocking done


Dynamic libraries:
0x0000000000400000 - 0x000000000068c000 	C:\Users\phaz\game-loop-opengl-4.3-poc\cmake-build-debug\game_loop_opengl_4_3_poc.exe
0x00007fff41a80000 - 0x00007fff41c70000 	C:\WINDOWS\SYSTEM32\ntdll.dll
0x00007fff41230000 - 0x00007fff412e2000 	C:\WINDOWS\System32\KERNEL32.DLL
0x00007fff3ec60000 - 0x00007fff3ef03000 	C:\WINDOWS\System32\KERNELBASE.dll
0x00007fff41540000 - 0x00007fff41566000 	C:\WINDOWS\System32\GDI32.dll
0x00007fff3f7b0000 - 0x00007fff3f7d1000 	C:\WINDOWS\System32\win32u.dll
0x00007fff3f890000 - 0x00007fff3fa24000 	C:\WINDOWS\System32\gdi32full.dll
0x00007fff3f710000 - 0x00007fff3f7ae000 	C:\WINDOWS\System32\msvcp_win.dll
0x00007fff3fa30000 - 0x00007fff3fb2a000 	C:\WINDOWS\System32\ucrtbase.dll
0x00007fff41600000 - 0x00007fff41794000 	C:\WINDOWS\System32\USER32.dll
0x00007fff41420000 - 0x00007fff414be000 	C:\WINDOWS\System32\msvcrt.dll
0x00007fff07e30000 - 0x00007fff07f86000 	C:\WINDOWS\SYSTEM32\OPENGL32.dll
0x00007fff41990000 - 0x00007fff41a33000 	C:\WINDOWS\System32\ADVAPI32.dll
0x00007fff41030000 - 0x00007fff410c7000 	C:\WINDOWS\System32\sechost.dll
0x00007fff3fe70000 - 0x00007fff3ff90000 	C:\WINDOWS\System32\RPCRT4.dll
0x00007fff3fb30000 - 0x00007fff3fe66000 	C:\WINDOWS\System32\combase.dll
0x00007fff3f690000 - 0x00007fff3f710000 	C:\WINDOWS\System32\bcryptPrimitives.dll
0x00007fff08680000 - 0x00007fff086ac000 	C:\WINDOWS\SYSTEM32\GLU32.dll
0x00007fff3c7e0000 - 0x00007fff3c800000 	C:\WINDOWS\SYSTEM32\dxcore.dll
0x00007fff3ea90000 - 0x00007fff3eada000 	C:\WINDOWS\System32\cfgmgr32.dll
0x00007fff418a0000 - 0x00007fff418ce000 	C:\WINDOWS\System32\IMM32.DLL
0x0000000056710000 - 0x0000000056f11000 	C:\Users\phaz\game-loop-opengl-4.3-poc\cmake-build-debug\OpenJDK8U-jre_x64_windows_hotspot_8u242b08\jdk8u242-b08-jre\bin\server\jvm.dll
0x00007fff3a8d0000 - 0x00007fff3a8f4000 	C:\WINDOWS\SYSTEM32\WINMM.dll
0x00007fff41530000 - 0x00007fff41538000 	C:\WINDOWS\System32\PSAPI.DLL
0x00007fff3c7c0000 - 0x00007fff3c7ca000 	C:\WINDOWS\SYSTEM32\VERSION.dll
0x00007fff08880000 - 0x00007fff08889000 	C:\WINDOWS\SYSTEM32\WSOCK32.dll
0x00007fff18c20000 - 0x00007fff18d0f000 	C:\WINDOWS\SYSTEM32\MSVCR120.dll
0x00007fff40db0000 - 0x00007fff40e1f000 	C:\WINDOWS\System32\WS2_32.dll
0x00007fff3a8a0000 - 0x00007fff3a8cd000 	C:\WINDOWS\SYSTEM32\WINMMBASE.dll
0x00007fff3e3c0000 - 0x00007fff3e3cf000 	C:\Users\phaz\game-loop-opengl-4.3-poc\cmake-build-debug\OpenJDK8U-jre_x64_windows_hotspot_8u242b08\jdk8u242-b08-jre\bin\verify.dll
0x00007fff1ac00000 - 0x00007fff1ac28000 	C:\Users\phaz\game-loop-opengl-4.3-poc\cmake-build-debug\OpenJDK8U-jre_x64_windows_hotspot_8u242b08\jdk8u242-b08-jre\bin\java.dll
0x00007fff22740000 - 0x00007fff22756000 	C:\Users\phaz\game-loop-opengl-4.3-poc\cmake-build-debug\OpenJDK8U-jre_x64_windows_hotspot_8u242b08\jdk8u242-b08-jre\bin\zip.dll
0x00007fff406c0000 - 0x00007fff40da5000 	C:\WINDOWS\System32\SHELL32.dll
0x00007fff40610000 - 0x00007fff406b9000 	C:\WINDOWS\System32\shcore.dll
0x00007fff3ef10000 - 0x00007fff3f68f000 	C:\WINDOWS\System32\windows.storage.dll
0x00007fff3e980000 - 0x00007fff3e99f000 	C:\WINDOWS\System32\profapi.dll
0x00007fff3e9a0000 - 0x00007fff3e9ea000 	C:\WINDOWS\System32\powrprof.dll
0x00007fff3e950000 - 0x00007fff3e960000 	C:\WINDOWS\System32\UMPDC.dll
0x00007fff413c0000 - 0x00007fff41412000 	C:\WINDOWS\System32\shlwapi.dll
0x00007fff3e9f0000 - 0x00007fff3ea01000 	C:\WINDOWS\System32\kernel.appcore.dll
0x00007fff3ea10000 - 0x00007fff3ea27000 	C:\WINDOWS\System32\cryptsp.dll
0x00007fff3bf70000 - 0x00007fff3c009000 	C:\WINDOWS\system32\uxtheme.dll
0x00007fff40e20000 - 0x00007fff40f55000 	C:\WINDOWS\System32\MSCTF.dll
0x00007fff40f60000 - 0x00007fff41024000 	C:\WINDOWS\System32\OLEAUT32.dll
0x00007ffec1ef0000 - 0x00007ffec2e55000 	C:\WINDOWS\System32\DriverStore\FileRepository\iigd_dch.inf_amd64_c002fecfdc9bbd33\ig9icd64.dll
0x00007fff410d0000 - 0x00007fff41226000 	C:\WINDOWS\System32\OLE32.DLL
0x00007fff3c060000 - 0x00007fff3c08d000 	C:\WINDOWS\SYSTEM32\dwmapi.dll
0x00007fff3c870000 - 0x00007fff3c95b000 	C:\WINDOWS\system32\dxgi.dll
0x00007fff35440000 - 0x00007fff35593000 	C:\WINDOWS\System32\DriverStore\FileRepository\iigd_dch.inf_amd64_c002fecfdc9bbd33\igdgmm64.dll
0x00007fff328a0000 - 0x00007fff34c1f000 	C:\WINDOWS\System32\DriverStore\FileRepository\iigd_dch.inf_amd64_c002fecfdc9bbd33\igc64.dll
0x00007fff256a0000 - 0x00007fff2573e000 	C:\WINDOWS\System32\TextInputFramework.dll
0x00007fff3bba0000 - 0x00007fff3bc74000 	C:\WINDOWS\System32\CoreMessaging.dll
0x00007fff39860000 - 0x00007fff39b8a000 	C:\WINDOWS\System32\CoreUIComponents.dll
0x00007fff394f0000 - 0x00007fff39643000 	C:\WINDOWS\SYSTEM32\wintypes.dll
0x00007fff3e430000 - 0x00007fff3e461000 	C:\WINDOWS\SYSTEM32\ntmarta.dll
0x00007fff2ae50000 - 0x00007fff2b0f6000 	C:\WINDOWS\System32\iertutil.dll
0x00007fff1f470000 - 0x00007fff1f4d5000 	C:\WINDOWS\system32\Oleacc.dll
0x00007fff3e470000 - 0x00007fff3e664000 	C:\WINDOWS\SYSTEM32\dbghelp.dll

VM Arguments:
java_command: <unknown>
java_class_path (initial): <not set>
Launcher Type: generic

Environment Variables:
PATH=C:\Program Files\mingw-w64\x86_64-8.1.0-posix-seh-rt_v6-rev0\mingw64\opt\bin;C:\Program Files\mingw-w64\x86_64-8.1.0-posix-seh-rt_v6-rev0\mingw64\bin\..\opt\bin;C:\Program Files\mingw-w64\x86_64-8.1.0-posix-seh-rt_v6-rev0\mingw64\bin;C:\Program Files (x86)\Common Files\Oracle\Java\javapath;C:\WINDOWS\system32;C:\WINDOWS;C:\WINDOWS\System32\Wbem;C:\WINDOWS\System32\WindowsPowerShell\v1.0\;C:\WINDOWS\System32\OpenSSH\;C:\Program Files\Git\cmd;C:\Program Files (x86)\sbt\bin;C:\Program Files\PuTTY\;C:\Program Files\dotnet\;%USERPROFILE%\AppData\Local\Microsoft\WindowsApps;;C:\iverilog\bin;C:\iverilog\gtkwave\bin;C:\Users\phaz\AppData\Local\Programs\radare2\bin
USERNAME=phaz
OS=Windows_NT
PROCESSOR_IDENTIFIER=Intel64 Family 6 Model 142 Stepping 12, GenuineIntel



---------------  S Y S T E M  ---------------

OS: Windows 10.0 , 64 bit Build 18362 (10.0.18362.329)

CPU:total 8 (initial active 8) (4 cores per cpu, 2 threads per core) family 6 model 142 stepping 12, cmov, cx8, fxsr, mmx, sse, sse2, sse3, ssse3, sse4.1, sse4.2, popcnt, avx, avx2, aes, clmul, erms, 3dnowpref, lzcnt, ht, tsc, tscinvbit, bmi1, bmi2, adx

Memory: 4k page, physical 8173284k(1409528k free), swap 15513316k(5688680k free)

vm_info: OpenJDK 64-Bit Server VM (25.242-b08) for windows-amd64 JRE (1.8.0_242-b08), built on Jan 19 2020 14:45:52 by "jenkins" with MS VC++ 12.0 (VS2013)

time: Sun Mar 01 00:32:14 2020
timezone: Pacific Standard Time
elapsed time: 19 seconds (0d 0h 0m 19s)

